2019-02-27 17:00:06,783 - BrowserEngine - INFO - You had select Chrome browser
2019-02-27 17:00:06,783 - BrowserEngine - INFO - The test server url is http://127.0.0.1/forum.php
2019-02-27 17:00:09,003 - BrowserEngine - INFO - Open Chrome browser
2019-02-27 17:00:11,115 - BrowserEngine - INFO - Open url http://127.0.0.1/forum.php
2019-02-27 17:00:12,243 - BrowserEngine - INFO - Maximize the current window
2019-02-27 17:00:12,243 - BrowserEngine - INFO - Set implicitly wait 10 seconds
2019-02-27 17:00:12,283 - BasePage - INFO - 找到页面元素
2019-02-27 17:00:12,410 - BasePage - INFO - 输入内容
2019-02-27 17:00:12,486 - BasePage - INFO - 找到页面元素
2019-02-27 17:00:12,581 - BasePage - INFO - 输入内容
2019-02-27 17:00:12,615 - BasePage - INFO - 找到页面元素
2019-02-27 17:00:12,674 - BasePage - INFO - Click and open another page
2019-02-27 17:00:13,524 - BasePage - INFO - 找到页面元素
2019-02-27 17:00:14,011 - BasePage - INFO - Click and open another page
2019-02-27 17:00:14,138 - BasePage - INFO - 找到页面元素
2019-02-27 17:00:16,049 - BasePage - INFO - Click and open another page
2019-02-27 17:00:16,084 - BasePage - INFO - 找到页面元素
2019-02-27 17:00:16,269 - BasePage - INFO - Click and open another page
2019-02-27 17:00:16,315 - BasePage - INFO - 找到页面元素
2019-02-27 17:00:17,007 - BasePage - INFO - Click and open another page
2019-02-27 17:00:17,064 - BasePage - INFO - 找到页面元素
2019-02-27 17:00:17,158 - BasePage - INFO - Click and open another page
2019-02-27 17:00:17,169 - BasePage - INFO - Swich to window handle
2019-02-27 17:00:18,235 - BasePage - INFO - 找到页面元素
2019-02-27 17:00:18,309 - BasePage - INFO - Click and open another page
