2019-02-28 11:49:03,074 - BrowserEngine - INFO - You had select Chrome browser
2019-02-28 11:49:03,074 - BrowserEngine - INFO - The test server url is http://127.0.0.1/forum.php
2019-02-28 11:49:06,249 - BrowserEngine - INFO - Open Chrome browser
2019-02-28 11:49:08,859 - BrowserEngine - INFO - Open url http://127.0.0.1/forum.php
2019-02-28 11:49:09,977 - BrowserEngine - INFO - Maximize the current window
2019-02-28 11:49:09,980 - BrowserEngine - INFO - Set implicitly wait 10 seconds
2019-02-28 11:49:10,018 - BasePage - INFO - 找到页面元素
2019-02-28 11:49:10,108 - BasePage - INFO - 输入内容
2019-02-28 11:49:10,173 - BasePage - INFO - 找到页面元素
2019-02-28 11:49:10,232 - BasePage - INFO - 输入内容
2019-02-28 11:49:10,267 - BasePage - INFO - 找到页面元素
2019-02-28 11:49:10,321 - BasePage - INFO - Click and open another page
2019-02-28 11:49:12,352 - BasePage - INFO - 找到页面元素
2019-02-28 11:49:12,422 - BasePage - INFO - Click and open another page
2019-02-28 11:49:12,440 - BasePage - INFO - 找到页面元素
2019-02-28 11:49:12,514 - BasePage - INFO - 输入内容
2019-02-28 11:49:12,547 - BasePage - INFO - 找到页面元素
2019-02-28 11:49:12,630 - BasePage - INFO - Click and open another page
2019-02-28 11:49:14,635 - BasePage - INFO - Swich to window handle
2019-02-28 11:49:15,687 - BasePage - INFO - 找到页面元素
2019-02-28 11:49:15,768 - BasePage - INFO - Click and open another page
2019-02-28 11:49:15,773 - BasePage - INFO - Swich to window handle
