2019-02-28 11:52:32,492 - BrowserEngine - INFO - You had select Chrome browser
2019-02-28 11:52:32,493 - BrowserEngine - INFO - The test server url is http://127.0.0.1/forum.php
2019-02-28 11:52:34,666 - BrowserEngine - INFO - Open Chrome browser
2019-02-28 11:52:36,362 - BrowserEngine - INFO - Open url http://127.0.0.1/forum.php
2019-02-28 11:52:37,481 - BrowserEngine - INFO - Maximize the current window
2019-02-28 11:52:37,483 - BrowserEngine - INFO - Set implicitly wait 10 seconds
2019-02-28 11:52:37,521 - BasePage - INFO - 找到页面元素
2019-02-28 11:52:37,617 - BasePage - INFO - 输入内容
2019-02-28 11:52:37,729 - BasePage - INFO - 找到页面元素
2019-02-28 11:52:37,786 - BasePage - INFO - 输入内容
2019-02-28 11:52:37,817 - BasePage - INFO - 找到页面元素
2019-02-28 11:52:37,869 - BasePage - INFO - Click and open another page
2019-02-28 11:52:37,916 - BasePage - INFO - 找到页面元素
2019-02-28 11:52:38,258 - BasePage - ERROR - Failed to click  withMessage: stale element reference: element is not attached to the page document
  (Session info: chrome=69.0.3497.100)
  (Driver info: chromedriver=2.41.578737 (49da6702b16031c40d63e5618de03a32ff6c197e),platform=Windows NT 10.0.17134 x86_64)

2019-02-28 11:52:48,798 - BasePage - ERROR - Failed to click  with'NoneType' object has no attribute 'click'
2019-02-28 11:52:59,327 - BasePage - ERROR - Failed to click  with'NoneType' object has no attribute 'click'
2019-02-28 11:53:09,890 - BasePage - ERROR - Failed to click  with'NoneType' object has no attribute 'click'
2019-02-28 11:53:09,946 - BasePage - INFO - 找到页面元素
2019-02-28 11:53:10,043 - BasePage - INFO - Click and open another page
2019-02-28 11:53:10,058 - BasePage - INFO - Swich to window handle
2019-02-28 11:53:39,999 - BasePage - INFO - 找到页面元素
2019-02-28 11:53:40,276 - BasePage - INFO - Click and open another page
2019-02-28 11:53:40,327 - BasePage - INFO - 找到页面元素
2019-02-28 11:53:40,499 - BasePage - INFO - Click and open another page
2019-02-28 11:53:40,540 - BasePage - INFO - 找到页面元素
2019-02-28 11:53:40,868 - BasePage - INFO - Click and open another page
2019-02-28 11:53:40,880 - BasePage - INFO - Swich to window handle
2019-02-28 11:53:40,925 - BasePage - INFO - 找到页面元素
2019-02-28 11:53:41,327 - BasePage - INFO - Click and open another page
2019-02-28 11:53:41,372 - BasePage - INFO - 找到页面元素
2019-02-28 11:53:41,581 - BasePage - INFO - Click and open another page
2019-02-28 11:53:43,753 - BasePage - INFO - 找到页面元素
2019-02-28 11:53:43,803 - BasePage - INFO - 输入内容
2019-02-28 11:53:43,832 - BasePage - INFO - 找到页面元素
2019-02-28 11:53:43,876 - BasePage - INFO - 输入内容
2019-02-28 11:53:43,910 - BasePage - INFO - 找到页面元素
2019-02-28 11:53:43,957 - BasePage - INFO - Click and open another page
2019-02-28 11:53:43,987 - BasePage - INFO - 找到页面元素
2019-02-28 11:53:44,338 - BasePage - INFO - Click and open another page
2019-02-28 11:53:54,894 - BasePage - ERROR - Failed to type in input box with'NoneType' object has no attribute 'send_keys'
2019-02-28 11:54:05,433 - BasePage - ERROR - Failed to type in input box with'NoneType' object has no attribute 'send_keys'
2019-02-28 11:54:15,999 - BasePage - ERROR - Failed to click  with'NoneType' object has no attribute 'click'
2019-02-28 11:54:26,542 - BasePage - ERROR - Failed to type in input box with'NoneType' object has no attribute 'send_keys'
2019-02-28 11:54:36,192 - BasePage - ERROR - Failed to click  with'NoneType' object has no attribute 'click'
