2019-02-27 10:53:58,891 - BrowserEngine - INFO - You had select Chrome browser
2019-02-27 10:53:58,891 - BrowserEngine - INFO - The test server url is http://127.0.0.1/forum.php
2019-02-27 10:54:02,121 - BrowserEngine - INFO - Open Chrome browser
2019-02-27 10:54:05,747 - BrowserEngine - INFO - Open url http://127.0.0.1/forum.php
2019-02-27 10:54:06,871 - BrowserEngine - INFO - Maximize the current window
2019-02-27 10:54:06,873 - BrowserEngine - INFO - Set implicitly wait 10 seconds
2019-02-27 10:54:06,916 - BasePage - INFO - 找到页面元素
2019-02-27 10:54:07,016 - BasePage - INFO - 输入内容
2019-02-27 10:54:07,126 - BasePage - INFO - 找到页面元素
2019-02-27 10:54:07,214 - BasePage - INFO - 输入内容
2019-02-27 10:54:07,247 - BasePage - INFO - 找到页面元素
2019-02-27 10:54:07,305 - BasePage - INFO - Click and open another page
2019-02-27 10:54:09,344 - BasePage - INFO - 找到页面元素
2019-02-27 10:54:10,595 - BasePage - INFO - Click and open another page
2019-02-27 10:54:10,803 - BasePage - INFO - 找到页面元素
2019-02-27 10:54:11,187 - BasePage - INFO - 输入内容
2019-02-27 10:54:11,226 - BasePage - INFO - 找到页面元素
2019-02-27 10:54:11,327 - BasePage - INFO - 输入内容
2019-02-27 10:54:11,366 - BasePage - INFO - 找到页面元素
2019-02-27 10:54:11,468 - BasePage - INFO - Click and open another page
2019-02-27 10:54:11,503 - BasePage - INFO - 找到页面元素
2019-02-27 10:54:11,605 - BasePage - INFO - 输入内容
2019-02-27 10:54:11,646 - BasePage - INFO - 找到页面元素
2019-02-27 10:54:16,160 - BasePage - INFO - Click and open another page
2019-02-27 10:54:16,234 - BasePage - INFO - 找到页面元素
2019-02-27 10:54:16,688 - BasePage - INFO - Click and open another page
