2019-02-27 15:02:11,057 - BrowserEngine - INFO - You had select Chrome browser
2019-02-27 15:02:11,057 - BrowserEngine - INFO - The test server url is http://127.0.0.1/forum.php
2019-02-27 15:02:13,450 - BrowserEngine - INFO - Open Chrome browser
2019-02-27 15:02:15,589 - BrowserEngine - INFO - Open url http://127.0.0.1/forum.php
2019-02-27 15:02:16,760 - BrowserEngine - INFO - Maximize the current window
2019-02-27 15:02:16,770 - BrowserEngine - INFO - Set implicitly wait 10 seconds
2019-02-27 15:02:16,870 - BasePage - INFO - 找到页面元素
2019-02-27 15:02:16,977 - BasePage - INFO - 输入内容
2019-02-27 15:02:17,033 - BasePage - INFO - 找到页面元素
2019-02-27 15:02:17,115 - BasePage - INFO - 输入内容
2019-02-27 15:02:17,145 - BasePage - INFO - 找到页面元素
2019-02-27 15:02:17,197 - BasePage - INFO - Click and open another page
2019-02-27 15:02:17,246 - BasePage - INFO - 找到页面元素
2019-02-27 15:02:18,033 - BasePage - INFO - Click and open another page
2019-02-27 15:02:18,065 - BasePage - INFO - 找到页面元素
2019-02-27 15:02:18,532 - BasePage - INFO - Click and open another page
2019-02-27 15:02:18,564 - BasePage - INFO - 找到页面元素
2019-02-27 15:02:18,777 - BasePage - INFO - Click and open another page
2019-02-27 15:02:18,817 - BasePage - INFO - 找到页面元素
2019-02-27 15:02:19,211 - BasePage - INFO - Click and open another page
2019-02-27 15:02:19,309 - BasePage - INFO - 找到页面元素
2019-02-27 15:02:19,400 - BasePage - INFO - Click and open another page
