2019-02-28 11:51:44,550 - BrowserEngine - INFO - You had select Chrome browser
2019-02-28 11:51:44,551 - BrowserEngine - INFO - The test server url is http://127.0.0.1/forum.php
2019-02-28 11:51:47,653 - BrowserEngine - INFO - Open Chrome browser
2019-02-28 11:51:49,565 - BrowserEngine - INFO - Open url http://127.0.0.1/forum.php
2019-02-28 11:51:50,679 - BrowserEngine - INFO - Maximize the current window
2019-02-28 11:51:50,681 - BrowserEngine - INFO - Set implicitly wait 10 seconds
2019-02-28 11:51:50,720 - BasePage - INFO - 找到页面元素
2019-02-28 11:51:50,826 - BasePage - INFO - 输入内容
2019-02-28 11:51:50,880 - BasePage - INFO - 找到页面元素
2019-02-28 11:51:50,944 - BasePage - INFO - 输入内容
2019-02-28 11:51:50,984 - BasePage - INFO - 找到页面元素
2019-02-28 11:51:51,045 - BasePage - INFO - Click and open another page
2019-02-28 11:51:53,088 - BasePage - INFO - 找到页面元素
2019-02-28 11:51:53,169 - BasePage - INFO - Click and open another page
2019-02-28 11:51:53,190 - BasePage - INFO - 找到页面元素
2019-02-28 11:51:53,266 - BasePage - INFO - 输入内容
2019-02-28 11:51:53,308 - BasePage - INFO - 找到页面元素
2019-02-28 11:51:53,403 - BasePage - INFO - Click and open another page
2019-02-28 11:51:55,418 - BasePage - INFO - Swich to window handle
2019-02-28 11:51:56,487 - BasePage - INFO - 找到页面元素
2019-02-28 11:51:56,581 - BasePage - INFO - Click and open another page
2019-02-28 11:51:58,588 - BasePage - INFO - Swich to window handle
2019-02-28 11:51:59,637 - BasePage - INFO - 找到页面元素
2019-02-28 11:51:59,709 - BasePage - INFO - 找到页面元素
2019-02-28 11:51:59,896 - BasePage - INFO - Click and open another page
