2019-02-27 17:18:32,456 - BrowserEngine - INFO - You had select Chrome browser
2019-02-27 17:18:32,457 - BrowserEngine - INFO - The test server url is http://127.0.0.1/forum.php
2019-02-27 17:18:35,769 - BrowserEngine - INFO - Open Chrome browser
2019-02-27 17:18:42,796 - BrowserEngine - INFO - You had select Chrome browser
2019-02-27 17:18:42,796 - BrowserEngine - INFO - The test server url is http://127.0.0.1/forum.php
2019-02-27 17:18:45,682 - BrowserEngine - INFO - Open Chrome browser
2019-02-27 17:18:49,930 - BrowserEngine - INFO - Open url http://127.0.0.1/forum.php
2019-02-27 17:18:51,075 - BrowserEngine - INFO - Maximize the current window
2019-02-27 17:18:51,078 - BrowserEngine - INFO - Set implicitly wait 10 seconds
2019-02-27 17:18:51,122 - BasePage - INFO - 找到页面元素
2019-02-27 17:18:51,217 - BasePage - INFO - 输入内容
2019-02-27 17:18:51,253 - BasePage - INFO - 找到页面元素
2019-02-27 17:18:51,316 - BasePage - INFO - 输入内容
2019-02-27 17:18:51,350 - BasePage - INFO - 找到页面元素
2019-02-27 17:18:51,448 - BasePage - INFO - Click and open another page
2019-02-27 17:18:52,456 - BasePage - INFO - 找到页面元素
2019-02-27 17:18:53,346 - BasePage - INFO - Click and open another page
2019-02-27 17:18:53,387 - BasePage - INFO - 找到页面元素
2019-02-27 17:18:54,949 - BasePage - INFO - Click and open another page
2019-02-27 17:18:54,985 - BasePage - INFO - 找到页面元素
2019-02-27 17:18:55,209 - BasePage - INFO - Click and open another page
2019-02-27 17:18:55,264 - BasePage - INFO - 找到页面元素
2019-02-27 17:18:55,914 - BasePage - INFO - Click and open another page
2019-02-27 17:18:55,988 - BasePage - INFO - 找到页面元素
2019-02-27 17:18:56,103 - BasePage - INFO - Click and open another page
