2019-02-27 17:20:02,073 - BrowserEngine - INFO - You had select Chrome browser
2019-02-27 17:20:02,073 - BrowserEngine - INFO - The test server url is http://127.0.0.1/forum.php
2019-02-27 17:20:04,837 - BrowserEngine - INFO - Open Chrome browser
2019-02-27 17:20:08,875 - BrowserEngine - INFO - Open url http://127.0.0.1/forum.php
2019-02-27 17:20:10,001 - BrowserEngine - INFO - Maximize the current window
2019-02-27 17:20:10,002 - BrowserEngine - INFO - Set implicitly wait 10 seconds
2019-02-27 17:20:10,049 - BasePage - INFO - 找到页面元素
2019-02-27 17:20:10,145 - BasePage - INFO - 输入内容
2019-02-27 17:20:10,183 - BasePage - INFO - 找到页面元素
2019-02-27 17:20:10,250 - BasePage - INFO - 输入内容
2019-02-27 17:20:10,285 - BasePage - INFO - 找到页面元素
2019-02-27 17:20:10,346 - BasePage - INFO - Click and open another page
2019-02-27 17:20:10,865 - BasePage - INFO - 找到页面元素
2019-02-27 17:20:11,370 - BasePage - INFO - Click and open another page
2019-02-27 17:20:11,488 - BasePage - INFO - 找到页面元素
2019-02-27 17:20:16,129 - BasePage - INFO - Click and open another page
2019-02-27 17:20:16,202 - BasePage - INFO - 找到页面元素
2019-02-27 17:20:16,392 - BasePage - INFO - Click and open another page
2019-02-27 17:20:16,431 - BasePage - INFO - 找到页面元素
2019-02-27 17:20:17,115 - BasePage - INFO - Click and open another page
2019-02-27 17:20:17,174 - BasePage - INFO - 找到页面元素
2019-02-27 17:20:17,291 - BasePage - INFO - Click and open another page
2019-02-27 17:20:17,297 - BasePage - INFO - Swich to window handle
2019-02-27 17:20:18,484 - BasePage - INFO - 找到页面元素
2019-02-27 17:20:18,551 - BasePage - INFO - Click and open another page
