2019-02-27 16:56:24,654 - BrowserEngine - INFO - You had select Chrome browser
2019-02-27 16:56:24,654 - BrowserEngine - INFO - The test server url is http://127.0.0.1/forum.php
2019-02-27 16:56:26,858 - BrowserEngine - INFO - Open Chrome browser
2019-02-27 16:56:28,505 - BrowserEngine - INFO - Open url http://127.0.0.1/forum.php
2019-02-27 16:56:29,630 - BrowserEngine - INFO - Maximize the current window
2019-02-27 16:56:29,631 - BrowserEngine - INFO - Set implicitly wait 10 seconds
2019-02-27 16:56:29,671 - BasePage - INFO - 找到页面元素
2019-02-27 16:56:29,801 - BasePage - INFO - 输入内容
2019-02-27 16:56:29,845 - BasePage - INFO - 找到页面元素
2019-02-27 16:56:29,937 - BasePage - INFO - 输入内容
2019-02-27 16:56:29,972 - BasePage - INFO - 找到页面元素
2019-02-27 16:56:30,038 - BasePage - INFO - Click and open another page
2019-02-27 16:56:30,522 - BasePage - INFO - 找到页面元素
2019-02-27 16:56:31,069 - BasePage - INFO - Click and open another page
2019-02-27 16:56:31,133 - BasePage - INFO - 找到页面元素
2019-02-27 16:56:41,751 - BasePage - INFO - Click and open another page
2019-02-27 16:56:41,809 - BasePage - INFO - 找到页面元素
2019-02-27 16:56:41,979 - BasePage - INFO - Click and open another page
2019-02-27 16:56:42,018 - BasePage - INFO - 找到页面元素
2019-02-27 16:56:42,637 - BasePage - INFO - Click and open another page
2019-02-27 16:56:42,701 - BasePage - INFO - 找到页面元素
2019-02-27 16:56:42,786 - BasePage - INFO - Click and open another page
2019-02-27 16:56:42,794 - BasePage - INFO - Swich to window handle
2019-02-27 16:56:43,927 - BasePage - INFO - 找到页面元素
2019-02-27 16:56:43,981 - BasePage - INFO - Click and open another page
