2019-02-27 16:09:12,203 - BrowserEngine - INFO - You had select Chrome browser
2019-02-27 16:09:12,203 - BrowserEngine - INFO - The test server url is http://127.0.0.1/forum.php
2019-02-27 16:09:14,424 - BrowserEngine - INFO - Open Chrome browser
2019-02-27 16:09:16,137 - BrowserEngine - INFO - Open url http://127.0.0.1/forum.php
2019-02-27 16:09:17,270 - BrowserEngine - INFO - Maximize the current window
2019-02-27 16:09:17,270 - BrowserEngine - INFO - Set implicitly wait 10 seconds
2019-02-27 16:09:17,300 - BasePage - INFO - 找到页面元素
2019-02-27 16:09:17,416 - BasePage - INFO - 输入内容
2019-02-27 16:09:17,457 - BasePage - INFO - 找到页面元素
2019-02-27 16:09:17,550 - BasePage - INFO - 输入内容
2019-02-27 16:09:17,588 - BasePage - INFO - 找到页面元素
2019-02-27 16:09:17,650 - BasePage - INFO - Click and open another page
2019-02-27 16:09:18,080 - BasePage - INFO - 找到页面元素
2019-02-27 16:09:18,534 - BasePage - INFO - Click and open another page
2019-02-27 16:09:18,603 - BasePage - INFO - 找到页面元素
2019-02-27 16:09:19,051 - BasePage - INFO - Click and open another page
2019-02-27 16:09:19,135 - BasePage - INFO - 找到页面元素
2019-02-27 16:09:19,343 - BasePage - INFO - Click and open another page
2019-02-27 16:09:19,390 - BasePage - INFO - 找到页面元素
2019-02-27 16:09:19,836 - BasePage - INFO - Click and open another page
2019-02-27 16:09:19,950 - BasePage - INFO - 找到页面元素
2019-02-27 16:09:20,064 - BasePage - INFO - Click and open another page
