2019-02-28 09:52:32,602 - BrowserEngine - INFO - You had select Chrome browser
2019-02-28 09:52:32,602 - BrowserEngine - INFO - The test server url is http://127.0.0.1/forum.php
2019-02-28 09:52:35,708 - BrowserEngine - INFO - Open Chrome browser
2019-02-28 09:52:37,522 - BrowserEngine - INFO - Open url http://127.0.0.1/forum.php
2019-02-28 09:52:38,698 - BrowserEngine - INFO - Maximize the current window
2019-02-28 09:52:38,708 - BrowserEngine - INFO - Set implicitly wait 10 seconds
2019-02-28 09:52:38,775 - BasePage - INFO - 找到页面元素
2019-02-28 09:52:38,876 - BasePage - INFO - 输入内容
2019-02-28 09:52:38,972 - BasePage - INFO - 找到页面元素
2019-02-28 09:52:39,033 - BasePage - INFO - 输入内容
2019-02-28 09:52:39,069 - BasePage - INFO - 找到页面元素
2019-02-28 09:52:39,130 - BasePage - INFO - Click and open another page
2019-02-28 09:52:39,168 - BasePage - INFO - 找到页面元素
2019-02-28 09:52:39,673 - BasePage - INFO - Click and open another page
2019-02-28 09:52:50,316 - BasePage - ERROR - Failed to click  with'NoneType' object has no attribute 'click'
2019-02-28 09:53:01,294 - BasePage - ERROR - Failed to click  with'NoneType' object has no attribute 'click'
2019-02-28 09:53:01,325 - BasePage - INFO - 找到页面元素
2019-02-28 09:53:01,434 - BasePage - INFO - 输入内容
2019-02-28 09:53:11,999 - BasePage - ERROR - Failed to type in input box with'NoneType' object has no attribute 'send_keys'
2019-02-28 09:53:22,544 - BasePage - ERROR - Failed to type in input box with'NoneType' object has no attribute 'send_keys'
2019-02-28 09:53:32,099 - BasePage - ERROR - Failed to type in input box with'NoneType' object has no attribute 'send_keys'
2019-02-28 09:53:32,283 - BasePage - ERROR - Failed to type in input box with'NoneType' object has no attribute 'send_keys'
2019-02-28 09:53:32,308 - BasePage - ERROR - Failed to click  with'NoneType' object has no attribute 'click'
2019-02-28 09:53:32,325 - BasePage - ERROR - Failed to click  with'NoneType' object has no attribute 'click'
2019-02-28 09:53:32,355 - BasePage - ERROR - Failed to click  with'NoneType' object has no attribute 'click'
