2019-02-27 16:52:08,592 - BrowserEngine - INFO - You had select Chrome browser
2019-02-27 16:52:08,592 - BrowserEngine - INFO - The test server url is http://127.0.0.1/forum.php
2019-02-27 16:52:12,487 - BrowserEngine - INFO - Open Chrome browser
2019-02-27 16:52:16,487 - BrowserEngine - INFO - Open url http://127.0.0.1/forum.php
2019-02-27 16:52:17,629 - BrowserEngine - INFO - Maximize the current window
2019-02-27 16:52:17,629 - BrowserEngine - INFO - Set implicitly wait 10 seconds
2019-02-27 16:52:17,679 - BasePage - INFO - 找到页面元素
2019-02-27 16:52:17,795 - BasePage - INFO - 输入内容
2019-02-27 16:52:17,851 - BasePage - INFO - 找到页面元素
2019-02-27 16:52:17,950 - BasePage - INFO - 输入内容
2019-02-27 16:52:17,985 - BasePage - INFO - 找到页面元素
2019-02-27 16:52:18,049 - BasePage - INFO - Click and open another page
2019-02-27 16:52:18,904 - BasePage - INFO - 找到页面元素
2019-02-27 16:52:20,394 - BasePage - INFO - Click and open another page
2019-02-27 16:52:20,441 - BasePage - INFO - 找到页面元素
2019-02-27 16:52:25,844 - BasePage - INFO - Click and open another page
2019-02-27 16:52:25,878 - BasePage - INFO - 找到页面元素
2019-02-27 16:52:26,786 - BasePage - INFO - Click and open another page
2019-02-27 16:52:26,821 - BasePage - INFO - 找到页面元素
2019-02-27 16:52:28,094 - BasePage - INFO - Click and open another page
2019-02-27 16:52:28,154 - BasePage - INFO - 找到页面元素
2019-02-27 16:52:28,293 - BasePage - INFO - Click and open another page
2019-02-27 16:52:28,394 - BasePage - INFO - Swich to window handle
